<?xml version="1.0" encoding="UTF-8"?>
<!-- Generated by org.testng.reporters.JUnitXMLReporter -->
<testsuite ignored="8" hostname="ajay" failures="0" tests="0" time="0.027" errors="0" timestamp="2023-07-29T17:24:59 IST">
  <testcase classname="com.java20.selenium.AUTOMATION_project2.Aj" name="cricbuz" time="0.0">
    <ignored/>
  </testcase> <!-- cricbuz -->
  <testcase classname="com.java20.selenium.AUTOMATION_project2.Aj" name="linkcount" time="0.0">
    <ignored/>
  </testcase> <!-- linkcount -->
  <testcase classname="com.java20.selenium.AUTOMATION_project2.Aj" name="msrtc" time="0.0">
    <ignored/>
  </testcase> <!-- msrtc -->
  <testcase classname="com.java20.selenium.AUTOMATION_project2.Aj" name="addtocart" time="0.0">
    <ignored/>
  </testcase> <!-- addtocart -->
  <testcase classname="com.java20.selenium.AUTOMATION_project2.Aj" name="babu" time="0.0">
    <ignored/>
  </testcase> <!-- babu -->
  <testcase classname="com.java20.selenium.AUTOMATION_project2.Aj" name="ajay" time="0.0">
    <ignored/>
  </testcase> <!-- ajay -->
  <testcase classname="com.java20.selenium.AUTOMATION_project2.Aj" name="windowshandle" time="0.0">
    <ignored/>
  </testcase> <!-- windowshandle -->
  <testcase classname="com.java20.selenium.AUTOMATION_project2.Aj" name="alerts" time="0.0">
    <ignored/>
  </testcase> <!-- alerts -->
</testsuite>
