<?xml version="1.0" encoding="UTF-8"?>
<!-- Generated by org.testng.reporters.JUnitXMLReporter -->
<testsuite ignored="0" hostname="ajay" failures="0" tests="8" name="Test" time="0.091" errors="0" timestamp="2023-07-29T14:18:16 IST">
  <testcase classname="com.java20.selenium.AUTOMATION_project2.Aj" name="@BeforeSuite autodropdown1" time="10.105">
    <failure type="java.lang.NullPointerException" message="Cannot invoke &amp;quot;String.equalsIgnoreCase(String)&amp;quot; because &amp;quot;txt&amp;quot; is null">
      <![CDATA[java.lang.NullPointerException: Cannot invoke "String.equalsIgnoreCase(String)" because "txt" is null
at com.java20.selenium.AUTOMATION_project2.Aj.autodropdown1(Aj.java:224)
... Removed 23 stack frames]]>
    </failure>
  </testcase> <!-- @BeforeSuite autodropdown1 -->
  <testcase classname="com.java20.selenium.AUTOMATION_project2.Aj" name="addtocart" time="0.0">
    <skipped/>
  </testcase> <!-- addtocart -->
  <testcase classname="com.java20.selenium.AUTOMATION_project2.Aj" name="ajay" time="0.0">
    <skipped/>
  </testcase> <!-- ajay -->
  <testcase classname="com.java20.selenium.AUTOMATION_project2.Aj" name="alerts" time="0.0">
    <skipped/>
  </testcase> <!-- alerts -->
  <testcase classname="com.java20.selenium.AUTOMATION_project2.Aj" name="babu" time="0.0">
    <skipped/>
  </testcase> <!-- babu -->
  <testcase classname="com.java20.selenium.AUTOMATION_project2.Aj" name="cricbuz" time="0.0">
    <skipped/>
  </testcase> <!-- cricbuz -->
  <testcase classname="com.java20.selenium.AUTOMATION_project2.Aj" name="linkcount" time="0.0">
    <skipped/>
  </testcase> <!-- linkcount -->
  <testcase classname="com.java20.selenium.AUTOMATION_project2.Aj" name="msrtc" time="0.0">
    <skipped/>
  </testcase> <!-- msrtc -->
  <testcase classname="com.java20.selenium.AUTOMATION_project2.Aj" name="windowshandle" time="0.0">
    <skipped/>
  </testcase> <!-- windowshandle -->
</testsuite> <!-- Test -->
