-------------------------------------------------------------------------------
Test set: TestSuite
-------------------------------------------------------------------------------
Tests run: 9, Failures: 1, Errors: 0, Skipped: 8, Time elapsed: 11.23 s <<< FAILURE! - in TestSuite
autodropdown1(com.java20.selenium.AUTOMATION_project2.Aj)  Time elapsed: 10.846 s  <<< FAILURE!
java.lang.NullPointerException: Cannot invoke "String.equalsIgnoreCase(String)" because "txt" is null
	at com.java20.selenium.AUTOMATION_project2.Aj.autodropdown1(Aj.java:224)

