<?xml version="1.0" encoding="UTF-8"?>
<testng-results ignored="0" total="9" passed="7" failed="1" skipped="1">
  <reporter-output>
  </reporter-output>
  <suite started-at="2023-07-29T17:33:19 IST" name="Suite" finished-at="2023-07-29T17:37:45 IST" duration-ms="265826">
    <groups>
    </groups>
    <test started-at="2023-07-29T17:33:19 IST" name="Test" finished-at="2023-07-29T17:37:45 IST" duration-ms="265826">
      <class name="com.java20.selenium.AUTOMATION_project2.Aj">
        <test-method signature="ajay()[pri:0, instance:com.java20.selenium.AUTOMATION_project2.Aj@576d5deb]" started-at="2023-07-29T17:33:20 IST" name="ajay" finished-at="2023-07-29T17:33:32 IST" duration-ms="12383" status="PASS">
          <reporter-output>
          </reporter-output>
        </test-method> <!-- ajay -->
        <test-method signature="babu()[pri:0, instance:com.java20.selenium.AUTOMATION_project2.Aj@576d5deb]" started-at="2023-07-29T17:33:32 IST" name="babu" finished-at="2023-07-29T17:33:43 IST" duration-ms="11389" status="PASS">
          <reporter-output>
          </reporter-output>
        </test-method> <!-- babu -->
        <test-method signature="cricbuz()[pri:0, instance:com.java20.selenium.AUTOMATION_project2.Aj@576d5deb]" started-at="2023-07-29T17:33:43 IST" name="cricbuz" finished-at="2023-07-29T17:33:50 IST" duration-ms="6866" status="PASS">
          <reporter-output>
          </reporter-output>
        </test-method> <!-- cricbuz -->
        <test-method signature="msrtc()[pri:0, instance:com.java20.selenium.AUTOMATION_project2.Aj@576d5deb]" started-at="2023-07-29T17:33:50 IST" name="msrtc" finished-at="2023-07-29T17:34:14 IST" duration-ms="23985" status="PASS">
          <reporter-output>
          </reporter-output>
        </test-method> <!-- msrtc -->
        <test-method signature="rushi()[pri:0, instance:com.java20.selenium.AUTOMATION_project2.Aj@576d5deb]" started-at="2023-07-29T17:34:14 IST" name="rushi" finished-at="2023-07-29T17:36:52 IST" duration-ms="157478" status="FAIL">
          <exception class="org.openqa.selenium.NoSuchWindowException">
            <message>
              <![CDATA[no such window: target window already closed
from unknown error: web view not found
  (Session info: chrome=115.0.5790.110)
Build info: version: '4.10.0', revision: 'c14d967899'
System info: os.name: 'Windows 11', os.arch: 'amd64', os.version: '10.0', java.version: '17.0.6'
Driver info: org.openqa.selenium.chrome.ChromeDriver
Command: [18f0efdf61befd7b6e7379bb9ffdd645, executeScript {script=return document.getElementById('fromPlaceName').value;, args=[]}]
Capabilities {acceptInsecureCerts: false, browserName: chrome, browserVersion: 115.0.5790.110, chrome: {chromedriverVersion: 114.0.5735.90 (386bc09e8f4f..., userDataDir: C:\Users\irkar\AppData\Loca...}, goog:chromeOptions: {debuggerAddress: localhost:58981}, networkConnectionEnabled: false, pageLoadStrategy: normal, platformName: windows, proxy: Proxy(), se:cdp: ws://localhost:58981/devtoo..., se:cdpVersion: 115.0.5790.110, setWindowRect: true, strictFileInteractability: false, timeouts: {implicit: 0, pageLoad: 300000, script: 30000}, unhandledPromptBehavior: dismiss and notify, webauthn:extension:credBlob: true, webauthn:extension:largeBlob: true, webauthn:extension:minPinLength: true, webauthn:extension:prf: true, webauthn:virtualAuthenticators: true}
Session ID: 18f0efdf61befd7b6e7379bb9ffdd645]]>
            </message>
            <full-stacktrace>
              <![CDATA[org.openqa.selenium.NoSuchWindowException: no such window: target window already closed
from unknown error: web view not found
  (Session info: chrome=115.0.5790.110)
Build info: version: '4.10.0', revision: 'c14d967899'
System info: os.name: 'Windows 11', os.arch: 'amd64', os.version: '10.0', java.version: '17.0.6'
Driver info: org.openqa.selenium.chrome.ChromeDriver
Command: [18f0efdf61befd7b6e7379bb9ffdd645, executeScript {script=return document.getElementById('fromPlaceName').value;, args=[]}]
Capabilities {acceptInsecureCerts: false, browserName: chrome, browserVersion: 115.0.5790.110, chrome: {chromedriverVersion: 114.0.5735.90 (386bc09e8f4f..., userDataDir: C:\Users\irkar\AppData\Loca...}, goog:chromeOptions: {debuggerAddress: localhost:58981}, networkConnectionEnabled: false, pageLoadStrategy: normal, platformName: windows, proxy: Proxy(), se:cdp: ws://localhost:58981/devtoo..., se:cdpVersion: 115.0.5790.110, setWindowRect: true, strictFileInteractability: false, timeouts: {implicit: 0, pageLoad: 300000, script: 30000}, unhandledPromptBehavior: dismiss and notify, webauthn:extension:credBlob: true, webauthn:extension:largeBlob: true, webauthn:extension:minPinLength: true, webauthn:extension:prf: true, webauthn:virtualAuthenticators: true}
Session ID: 18f0efdf61befd7b6e7379bb9ffdd645
at java.base/jdk.internal.reflect.NativeConstructorAccessorImpl.newInstance0(Native Method)
at java.base/jdk.internal.reflect.NativeConstructorAccessorImpl.newInstance(NativeConstructorAccessorImpl.java:77)
at java.base/jdk.internal.reflect.DelegatingConstructorAccessorImpl.newInstance(DelegatingConstructorAccessorImpl.java:45)
at java.base/java.lang.reflect.Constructor.newInstanceWithCaller(Constructor.java:499)
at java.base/java.lang.reflect.Constructor.newInstance(Constructor.java:480)
at org.openqa.selenium.remote.codec.w3c.W3CHttpResponseCodec.createException(W3CHttpResponseCodec.java:199)
at org.openqa.selenium.remote.codec.w3c.W3CHttpResponseCodec.decode(W3CHttpResponseCodec.java:132)
at org.openqa.selenium.remote.codec.w3c.W3CHttpResponseCodec.decode(W3CHttpResponseCodec.java:51)
at org.openqa.selenium.remote.HttpCommandExecutor.execute(HttpCommandExecutor.java:191)
at org.openqa.selenium.remote.service.DriverCommandExecutor.invokeExecute(DriverCommandExecutor.java:196)
at org.openqa.selenium.remote.service.DriverCommandExecutor.execute(DriverCommandExecutor.java:171)
at org.openqa.selenium.remote.RemoteWebDriver.execute(RemoteWebDriver.java:531)
at org.openqa.selenium.remote.RemoteWebDriver.executeScript(RemoteWebDriver.java:476)
at com.java20.selenium.AUTOMATION_project2.Aj.rushi(Aj.java:256)
at java.base/jdk.internal.reflect.NativeMethodAccessorImpl.invoke0(Native Method)
at java.base/jdk.internal.reflect.NativeMethodAccessorImpl.invoke(NativeMethodAccessorImpl.java:77)
at java.base/jdk.internal.reflect.DelegatingMethodAccessorImpl.invoke(DelegatingMethodAccessorImpl.java:43)
at java.base/java.lang.reflect.Method.invoke(Method.java:568)
at org.testng.internal.invokers.MethodInvocationHelper.invokeMethod(MethodInvocationHelper.java:139)
at org.testng.internal.invokers.TestInvoker.invokeMethod(TestInvoker.java:664)
at org.testng.internal.invokers.TestInvoker.invokeTestMethod(TestInvoker.java:227)
at org.testng.internal.invokers.MethodRunner.runInSequence(MethodRunner.java:50)
at org.testng.internal.invokers.TestInvoker$MethodInvocationAgent.invoke(TestInvoker.java:957)
at org.testng.internal.invokers.TestInvoker.invokeTestMethods(TestInvoker.java:200)
at org.testng.internal.invokers.TestMethodWorker.invokeTestMethods(TestMethodWorker.java:148)
at org.testng.internal.invokers.TestMethodWorker.run(TestMethodWorker.java:128)
at java.base/java.util.ArrayList.forEach(ArrayList.java:1511)
at org.testng.TestRunner.privateRun(TestRunner.java:848)
at org.testng.TestRunner.run(TestRunner.java:621)
at org.testng.SuiteRunner.runTest(SuiteRunner.java:443)
at org.testng.SuiteRunner.runSequentially(SuiteRunner.java:437)
at org.testng.SuiteRunner.privateRun(SuiteRunner.java:397)
at org.testng.SuiteRunner.run(SuiteRunner.java:336)
at org.testng.SuiteRunnerWorker.runSuite(SuiteRunnerWorker.java:52)
at org.testng.SuiteRunnerWorker.run(SuiteRunnerWorker.java:95)
at org.testng.TestNG.runSuitesSequentially(TestNG.java:1280)
at org.testng.TestNG.runSuitesLocally(TestNG.java:1200)
at org.testng.TestNG.runSuites(TestNG.java:1114)
at org.testng.TestNG.run(TestNG.java:1082)
at org.testng.remote.AbstractRemoteTestNG.run(AbstractRemoteTestNG.java:115)
at org.testng.remote.RemoteTestNG.initAndRun(RemoteTestNG.java:251)
at org.testng.remote.RemoteTestNG.main(RemoteTestNG.java:77)
]]>
            </full-stacktrace>
          </exception> <!-- org.openqa.selenium.NoSuchWindowException -->
          <reporter-output>
          </reporter-output>
        </test-method> <!-- rushi -->
        <test-method signature="windowshandle()[pri:0, instance:com.java20.selenium.AUTOMATION_project2.Aj@576d5deb]" started-at="2023-07-29T17:36:52 IST" name="windowshandle" finished-at="2023-07-29T17:37:00 IST" duration-ms="8103" status="PASS">
          <reporter-output>
          </reporter-output>
        </test-method> <!-- windowshandle -->
        <test-method signature="alerts()[pri:0, instance:com.java20.selenium.AUTOMATION_project2.Aj@576d5deb]" started-at="2023-07-29T17:37:00 IST" name="alerts" finished-at="2023-07-29T17:37:08 IST" duration-ms="8375" status="PASS">
          <reporter-output>
          </reporter-output>
        </test-method> <!-- alerts -->
        <test-method signature="linkcount()[pri:0, instance:com.java20.selenium.AUTOMATION_project2.Aj@576d5deb]" started-at="2023-07-29T17:37:08 IST" name="linkcount" finished-at="2023-07-29T17:37:45 IST" duration-ms="37035" status="PASS">
          <reporter-output>
          </reporter-output>
        </test-method> <!-- linkcount -->
        <test-method signature="addtocart()[pri:0, instance:com.java20.selenium.AUTOMATION_project2.Aj@576d5deb]" started-at="2023-07-29T17:37:45 IST" name="addtocart" finished-at="2023-07-29T17:37:45 IST" depends-on-methods="com.java20.selenium.AUTOMATION_project2.Aj.rushi" duration-ms="0" status="SKIP">
          <exception class="java.lang.Throwable">
            <message>
              <![CDATA[Method com.java20.selenium.AUTOMATION_project2.Aj.addtocart() on instance com.java20.selenium.AUTOMATION_project2.Aj@576d5deb depends on not successfully finished methods 
[com.java20.selenium.AUTOMATION_project2.Aj.rushi() on instance com.java20.selenium.AUTOMATION_project2.Aj@576d5deb]]]>
            </message>
            <full-stacktrace>
              <![CDATA[java.lang.Throwable: Method com.java20.selenium.AUTOMATION_project2.Aj.addtocart() on instance com.java20.selenium.AUTOMATION_project2.Aj@576d5deb depends on not successfully finished methods 
[com.java20.selenium.AUTOMATION_project2.Aj.rushi() on instance com.java20.selenium.AUTOMATION_project2.Aj@576d5deb]
at org.testng.internal.invokers.TestInvoker.invokeTestMethods(TestInvoker.java:156)
at org.testng.internal.invokers.TestMethodWorker.invokeTestMethods(TestMethodWorker.java:148)
at org.testng.internal.invokers.TestMethodWorker.run(TestMethodWorker.java:128)
at java.base/java.util.ArrayList.forEach(ArrayList.java:1511)
at org.testng.TestRunner.privateRun(TestRunner.java:848)
at org.testng.TestRunner.run(TestRunner.java:621)
at org.testng.SuiteRunner.runTest(SuiteRunner.java:443)
at org.testng.SuiteRunner.runSequentially(SuiteRunner.java:437)
at org.testng.SuiteRunner.privateRun(SuiteRunner.java:397)
at org.testng.SuiteRunner.run(SuiteRunner.java:336)
at org.testng.SuiteRunnerWorker.runSuite(SuiteRunnerWorker.java:52)
at org.testng.SuiteRunnerWorker.run(SuiteRunnerWorker.java:95)
at org.testng.TestNG.runSuitesSequentially(TestNG.java:1280)
at org.testng.TestNG.runSuitesLocally(TestNG.java:1200)
at org.testng.TestNG.runSuites(TestNG.java:1114)
at org.testng.TestNG.run(TestNG.java:1082)
at org.testng.remote.AbstractRemoteTestNG.run(AbstractRemoteTestNG.java:115)
at org.testng.remote.RemoteTestNG.initAndRun(RemoteTestNG.java:251)
at org.testng.remote.RemoteTestNG.main(RemoteTestNG.java:77)
]]>
            </full-stacktrace>
          </exception> <!-- java.lang.Throwable -->
          <reporter-output>
          </reporter-output>
        </test-method> <!-- addtocart -->
      </class> <!-- com.java20.selenium.AUTOMATION_project2.Aj -->
    </test> <!-- Test -->
  </suite> <!-- Suite -->
</testng-results>
