<?xml version="1.0" encoding="UTF-8"?>
<testng-results ignored="0" total="1" passed="1" failed="0" skipped="0">
  <reporter-output>
  </reporter-output>
  <suite started-at="2023-08-02T14:23:41 IST" name="Default suite" finished-at="2023-08-02T14:23:41 IST" duration-ms="145">
    <groups>
    </groups>
    <test started-at="2023-08-02T14:23:41 IST" name="Default test" finished-at="2023-08-02T14:23:41 IST" duration-ms="145">
      <class name="com.java20.selenium.AUTOMATION_project2.App2Test">
        <test-method signature="vedika()[pri:0, instance:com.java20.selenium.AUTOMATION_project2.App2Test@534a5a98]" started-at="2023-08-02T14:23:41 IST" name="vedika" finished-at="2023-08-02T14:23:41 IST" duration-ms="22" status="PASS">
          <reporter-output>
          </reporter-output>
        </test-method> <!-- vedika -->
      </class> <!-- com.java20.selenium.AUTOMATION_project2.App2Test -->
    </test> <!-- Default test -->
  </suite> <!-- Default suite -->
</testng-results>
